2026-06-17 03:08:04,785 [INFO] ============================================================
2026-06-17 03:08:04,785 [INFO] Editor server starting, PID=56560
2026-06-17 03:08:10,820 [INFO] RENDER START: out=video_tre_tang_dong_hoc_tap_T06.17_03h08.mp4 cwd=F:\VIDEO\09_POST\FACEBOOK\01__Vi_Con\T06.16_16h30_video_tre_tang_dong_hoc_tap
2026-06-17 03:10:15,883 [INFO] RENDER END: exit=0 elapsed=125.1s out=video_tre_tang_dong_hoc_tap_T06.17_03h08.mp4
2026-06-17 03:20:59,400 [INFO] ============================================================
2026-06-17 03:20:59,400 [INFO] Editor server starting, PID=57720
2026-06-17 03:21:07,074 [INFO] RENDER START: out=video_tre_tang_dong_hoc_tap_T06.17_03h21.mp4 cwd=F:\VIDEO\09_POST\FACEBOOK\01__Vi_Con\T06.16_16h30_video_tre_tang_dong_hoc_tap
2026-06-17 03:23:09,082 [INFO] RENDER END: exit=0 elapsed=122.0s out=video_tre_tang_dong_hoc_tap_T06.17_03h21.mp4
2026-06-17 03:25:59,413 [WARNING] WATCHDOG SHUTDOWN: no heartbeat for 300.0s (timeout=300s)
2026-06-17 14:34:30,228 [INFO] ============================================================
2026-06-17 14:34:30,571 [INFO] Editor server starting, PID=77756
2026-06-17 22:08:25,007 [INFO] ============================================================
2026-06-17 22:08:25,037 [INFO] Editor server starting, PID=34360
2026-06-17 23:30:35,076 [INFO] ============================================================
2026-06-17 23:30:35,310 [INFO] Editor server starting, PID=57800
2026-06-17 23:53:18,896 [INFO] ============================================================
2026-06-17 23:53:18,897 [INFO] Editor server starting, PID=69660
2026-06-17 23:55:09,928 [INFO] ============================================================
2026-06-17 23:55:09,928 [INFO] Editor server starting, PID=26020
2026-06-18 00:01:19,676 [INFO] ============================================================
2026-06-18 00:01:19,676 [INFO] Editor server starting, PID=62176
2026-06-18 00:03:50,904 [INFO] ============================================================
2026-06-18 00:03:50,904 [INFO] Editor server starting, PID=79244
2026-06-18 00:05:25,792 [INFO] ============================================================
2026-06-18 00:05:25,793 [INFO] Editor server starting, PID=68184
2026-06-18 00:10:51,167 [INFO] ============================================================
2026-06-18 00:10:51,167 [INFO] Editor server starting, PID=45536
2026-06-18 00:12:17,714 [INFO] ============================================================
2026-06-18 00:12:17,714 [INFO] Editor server starting, PID=81708
2026-06-18 00:15:17,717 [INFO] ============================================================
2026-06-18 00:15:17,717 [INFO] Editor server starting, PID=32292
2026-06-18 00:17:11,139 [INFO] ============================================================
2026-06-18 00:17:11,140 [INFO] Editor server starting, PID=82604
2026-06-18 00:17:33,014 [INFO] ============================================================
2026-06-18 00:17:33,014 [INFO] Editor server starting, PID=54376
2026-06-18 00:22:54,488 [INFO] ============================================================
2026-06-18 00:22:54,488 [INFO] Editor server starting, PID=82504
2026-06-18 00:23:56,174 [INFO] ============================================================
2026-06-18 00:23:56,174 [INFO] Editor server starting, PID=65788
2026-06-18 00:24:07,828 [INFO] ============================================================
2026-06-18 00:24:07,828 [INFO] Editor server starting, PID=59268
2026-06-18 00:27:50,823 [INFO] ============================================================
2026-06-18 00:27:50,823 [INFO] Editor server starting, PID=55888
2026-06-18 00:28:56,191 [WARNING] WATCHDOG SHUTDOWN: no heartbeat for 300.0s (timeout=300s)
2026-06-18 00:29:07,841 [WARNING] WATCHDOG SHUTDOWN: no heartbeat for 300.0s (timeout=300s)
2026-06-18 00:31:24,462 [INFO] ============================================================
2026-06-18 00:31:24,462 [INFO] Editor server starting, PID=72648
2026-06-18 00:31:38,522 [INFO] ============================================================
2026-06-18 00:31:38,537 [INFO] Editor server starting, PID=65680
2026-06-18 00:32:04,761 [INFO] ============================================================
2026-06-18 00:32:04,761 [INFO] Editor server starting, PID=44900
2026-06-18 00:32:50,836 [WARNING] WATCHDOG SHUTDOWN: no heartbeat for 300.0s (timeout=300s)
2026-06-18 00:34:24,555 [INFO] ============================================================
2026-06-18 00:34:24,557 [INFO] Editor server starting, PID=65900
2026-06-18 00:34:38,874 [INFO] ============================================================
2026-06-18 00:34:38,876 [INFO] Editor server starting, PID=69048
2026-06-18 00:34:51,561 [INFO] ============================================================
2026-06-18 00:34:51,561 [INFO] Editor server starting, PID=24420
2026-06-18 00:36:24,474 [WARNING] WATCHDOG SHUTDOWN: no heartbeat for 300.0s (timeout=300s)
2026-06-18 00:36:38,550 [WARNING] WATCHDOG SHUTDOWN: no heartbeat for 300.0s (timeout=300s)
2026-06-18 00:37:04,772 [WARNING] WATCHDOG SHUTDOWN: no heartbeat for 300.0s (timeout=300s)
2026-06-18 00:39:24,570 [WARNING] WATCHDOG SHUTDOWN: no heartbeat for 300.0s (timeout=300s)
2026-06-18 00:39:38,889 [WARNING] WATCHDOG SHUTDOWN: no heartbeat for 300.0s (timeout=300s)
2026-06-18 00:39:51,575 [WARNING] WATCHDOG SHUTDOWN: no heartbeat for 300.0s (timeout=300s)
2026-06-18 00:51:08,492 [INFO] ============================================================
2026-06-18 00:51:08,492 [INFO] Editor server starting, PID=80492
2026-06-18 00:51:54,595 [INFO] ============================================================
2026-06-18 00:51:54,596 [INFO] Editor server starting, PID=2392
2026-06-18 10:21:33,996 [INFO] ============================================================
2026-06-18 10:21:33,996 [INFO] Editor server starting, PID=62972
2026-06-18 10:25:09,080 [INFO] ============================================================
2026-06-18 10:25:09,080 [INFO] Editor server starting, PID=58988
2026-06-18 10:32:53,990 [INFO] ============================================================
2026-06-18 10:32:53,990 [INFO] Editor server starting, PID=26376
2026-06-18 10:45:15,611 [INFO] ============================================================
2026-06-18 10:45:15,612 [INFO] Editor server starting, PID=86432
2026-06-18 10:46:19,161 [INFO] ============================================================
2026-06-18 10:46:19,161 [INFO] Editor server starting, PID=57140
2026-06-18 11:21:49,841 [INFO] ============================================================
2026-06-18 11:21:49,841 [INFO] Editor server starting, PID=82504
2026-06-18 11:21:57,250 [INFO] ============================================================
2026-06-18 11:21:57,250 [INFO] Editor server starting, PID=55884
2026-06-18 11:22:29,681 [INFO] ============================================================
2026-06-18 11:22:29,682 [INFO] Editor server starting, PID=40408
2026-06-18 11:22:45,729 [INFO] ============================================================
2026-06-18 11:22:45,729 [INFO] Editor server starting, PID=68972
2026-06-18 11:23:48,858 [INFO] ============================================================
2026-06-18 11:23:48,858 [INFO] Editor server starting, PID=78188
2026-06-18 11:24:13,008 [INFO] ============================================================
2026-06-18 11:24:13,008 [INFO] Editor server starting, PID=75104
2026-06-18 11:24:21,645 [INFO] ============================================================
2026-06-18 11:24:21,645 [INFO] Editor server starting, PID=74148
2026-06-18 11:24:43,904 [INFO] ============================================================
2026-06-18 11:24:43,904 [INFO] Editor server starting, PID=66492
2026-06-18 11:30:04,526 [WARNING] WATCHDOG SHUTDOWN: no heartbeat for 308.3s (timeout=300s)
2026-06-18 12:02:50,452 [INFO] ============================================================
2026-06-18 12:02:50,452 [INFO] Editor server starting, PID=74648
2026-06-18 12:02:58,062 [INFO] ============================================================
2026-06-18 12:02:58,062 [INFO] Editor server starting, PID=27440
2026-06-18 12:07:58,685 [WARNING] WATCHDOG SHUTDOWN: no heartbeat for 300.6s (timeout=300s)
2026-06-18 12:10:53,396 [INFO] ============================================================
2026-06-18 12:10:53,396 [INFO] Editor server starting, PID=81720
2026-06-18 12:11:04,269 [INFO] ============================================================
2026-06-18 12:11:04,269 [INFO] Editor server starting, PID=72728
2026-06-18 12:11:16,588 [INFO] ============================================================
2026-06-18 12:11:16,588 [INFO] Editor server starting, PID=88648
2026-06-18 12:16:17,211 [WARNING] WATCHDOG SHUTDOWN: no heartbeat for 300.6s (timeout=300s)
2026-06-18 15:28:15,000 [INFO] ============================================================
2026-06-18 15:28:15,008 [INFO] Editor server starting, PID=42456
2026-06-18 15:28:25,124 [INFO] ============================================================
2026-06-18 15:28:25,125 [INFO] Editor server starting, PID=66704
2026-06-18 15:41:53,717 [INFO] ============================================================
2026-06-18 15:41:53,717 [INFO] Editor server starting, PID=58728
2026-06-18 15:42:02,824 [INFO] ============================================================
2026-06-18 15:42:02,824 [INFO] Editor server starting, PID=84316
2026-06-18 15:42:33,613 [INFO] ============================================================
2026-06-18 15:42:33,613 [INFO] Editor server starting, PID=89472
2026-06-18 15:45:04,240 [INFO] ============================================================
2026-06-18 15:45:04,240 [INFO] Editor server starting, PID=8280
2026-06-18 15:45:58,828 [INFO] ============================================================
2026-06-18 15:45:58,828 [INFO] Editor server starting, PID=71288
2026-06-18 15:50:26,009 [INFO] ============================================================
2026-06-18 15:50:26,009 [INFO] Editor server starting, PID=67932
2026-06-18 15:55:29,830 [INFO] ============================================================
2026-06-18 15:55:29,830 [INFO] Editor server starting, PID=51992
2026-06-18 15:55:39,977 [INFO] ============================================================
2026-06-18 15:55:39,977 [INFO] Editor server starting, PID=76956
2026-06-18 15:56:04,065 [INFO] ============================================================
2026-06-18 15:56:04,066 [INFO] Editor server starting, PID=9256
2026-06-18 16:46:10,205 [INFO] ============================================================
2026-06-18 16:46:10,205 [INFO] Editor server starting, PID=88528
2026-06-18 16:55:51,666 [INFO] ============================================================
2026-06-18 16:55:51,666 [INFO] Editor server starting, PID=58408
2026-06-18 17:04:16,825 [INFO] ============================================================
2026-06-18 17:04:16,825 [INFO] Editor server starting, PID=87752
2026-06-18 17:04:57,663 [INFO] ============================================================
2026-06-18 17:04:57,663 [INFO] Editor server starting, PID=63712
2026-06-18 17:05:24,506 [INFO] ============================================================
2026-06-18 17:05:24,507 [INFO] Editor server starting, PID=87412
2026-06-18 17:12:21,481 [INFO] RENDER START: out=_pipeline_t0618_10h17_quy_tac_3_phut_xoa_diu_tre_an_va_T06.18_17h12.mp4 cwd=E:\HuuDat\BrianD\TOOL_BrianD\.agent\skills\video-9x16\_templates\01_Text_ViCon\_pipeline_T06.18_10h17_quy_tac_3_phut_xoa_diu_tre_an_va
2026-06-18 17:14:41,383 [INFO] RENDER END: exit=0 elapsed=139.9s out=_pipeline_t0618_10h17_quy_tac_3_phut_xoa_diu_tre_an_va_T06.18_17h12.mp4
2026-06-18 20:16:33,872 [INFO] RENDER START: out=_pipeline_t0618_10h17_quy_tac_3_phut_xoa_diu_tre_an_va_T06.18_20h16.mp4 cwd=E:\HuuDat\BrianD\TOOL_BrianD\.agent\skills\video-9x16\_templates\01_Text_ViCon\_pipeline_T06.18_10h17_quy_tac_3_phut_xoa_diu_tre_an_va
2026-06-18 20:18:42,157 [INFO] RENDER END: exit=0 elapsed=128.3s out=_pipeline_t0618_10h17_quy_tac_3_phut_xoa_diu_tre_an_va_T06.18_20h16.mp4
2026-06-18 21:10:31,632 [INFO] ============================================================
2026-06-18 21:10:31,632 [INFO] Editor server starting, PID=30588
2026-06-18 21:10:47,726 [INFO] RENDER START: out=_pipeline_t0618_10h17_quy_tac_3_phut_xoa_diu_tre_an_va_T06.18_21h10.mp4 cwd=E:\HuuDat\BrianD\TOOL_BrianD\.agent\skills\video-9x16\_templates\01_Text_ViCon\_pipeline_T06.18_10h17_quy_tac_3_phut_xoa_diu_tre_an_va
2026-06-18 21:13:20,529 [INFO] RENDER END: exit=0 elapsed=152.8s out=_pipeline_t0618_10h17_quy_tac_3_phut_xoa_diu_tre_an_va_T06.18_21h10.mp4
2026-06-18 21:49:35,578 [INFO] ============================================================
2026-06-18 21:49:35,578 [INFO] Editor server starting, PID=74856
2026-06-18 21:50:05,760 [INFO] RENDER START: out=quy_tac_3_phut_xoa_diu_tre_an_va_T06.18_21h50.mp4 cwd=E:\HuuDat\VIDEO\FACEBOOK\01__Vi_Con\T06.18_10h17_quy_tac_3_phut_xoa_diu_tre_an_va
2026-06-18 21:52:33,165 [INFO] RENDER END: exit=0 elapsed=147.4s out=quy_tac_3_phut_xoa_diu_tre_an_va_T06.18_21h50.mp4
2026-06-18 22:50:51,933 [INFO] ============================================================
2026-06-18 22:50:51,933 [INFO] Editor server starting, PID=53444
2026-06-18 22:54:07,179 [INFO] RENDER START: out=quy_tac_3_phut_xoa_diu_tre_an_va_T06.18_22h54.mp4 cwd=E:\HuuDat\VIDEO\FACEBOOK\01__Vi_Con\T06.18_10h17_quy_tac_3_phut_xoa_diu_tre_an_va
2026-06-18 22:56:36,458 [INFO] RENDER END: exit=0 elapsed=149.3s out=quy_tac_3_phut_xoa_diu_tre_an_va_T06.18_22h54.mp4
2026-06-18 23:31:54,543 [INFO] RENDER START: out=quy_tac_3_phut_xoa_diu_tre_an_va_T06.18_23h31.mp4 cwd=E:\HuuDat\VIDEO\FACEBOOK\01__Vi_Con\T06.18_10h17_quy_tac_3_phut_xoa_diu_tre_an_va
2026-06-18 23:34:00,850 [INFO] RENDER END: exit=0 elapsed=126.3s out=quy_tac_3_phut_xoa_diu_tre_an_va_T06.18_23h31.mp4
2026-06-18 23:40:22,841 [INFO] RENDER START: out=quy_tac_3_phut_xoa_diu_tre_an_va_T06.18_23h40.mp4 cwd=E:\HuuDat\VIDEO\FACEBOOK\01__Vi_Con\T06.18_10h17_quy_tac_3_phut_xoa_diu_tre_an_va
2026-06-18 23:42:34,788 [INFO] RENDER END: exit=0 elapsed=131.9s out=quy_tac_3_phut_xoa_diu_tre_an_va_T06.18_23h40.mp4
2026-06-19 01:38:18,649 [INFO] ============================================================
2026-06-19 01:38:18,672 [INFO] Editor server starting, PID=46740
2026-06-19 01:39:01,468 [INFO] RENDER START: out=phan_biet_tre_hieu_dong_va_tang_dong_adhd_T06.19_01h39.mp4 cwd=E:\HuuDat\VIDEO\FACEBOOK\01__Vi_Con\T06.18_10h10_phan_biet_tre_hieu_dong_va_tang_dong_adhd
2026-06-19 01:41:22,680 [INFO] RENDER END: exit=0 elapsed=141.2s out=phan_biet_tre_hieu_dong_va_tang_dong_adhd_T06.19_01h39.mp4
2026-06-19 03:06:25,288 [INFO] ============================================================
2026-06-19 03:06:25,288 [INFO] Editor server starting, PID=74344
2026-06-19 03:12:50,315 [INFO] RENDER START: out=ren_luyen_tinh_tu_lap_tu_2_tuoi_T06.19_03h12.mp4 cwd=E:\HuuDat\VIDEO\FACEBOOK\01__Vi_Con\T06.18_10h38_ren_luyen_tinh_tu_lap_tu_2_tuoi
2026-06-19 03:14:59,610 [INFO] RENDER END: exit=0 elapsed=129.3s out=ren_luyen_tinh_tu_lap_tu_2_tuoi_T06.19_03h12.mp4
2026-06-19 09:12:59,186 [INFO] ============================================================
2026-06-19 09:12:59,187 [INFO] Editor server starting, PID=94316
2026-06-19 09:13:22,377 [INFO] RENDER START: out=cai_nghien_dien_thoai_bang_thay_the_thong_minh_T06.19_09h13.mp4 cwd=E:\HuuDat\VIDEO\FACEBOOK\01__Vi_Con\T06.18_10h29_cai_nghien_dien_thoai_bang_thay_the_thong_minh
2026-06-19 09:16:07,169 [INFO] RENDER END: exit=0 elapsed=164.8s out=cai_nghien_dien_thoai_bang_thay_the_thong_minh_T06.19_09h13.mp4
2026-06-19 09:25:17,678 [INFO] RENDER START: out=cai_nghien_dien_thoai_bang_thay_the_thong_minh_T06.19_09h25.mp4 cwd=E:\HuuDat\VIDEO\FACEBOOK\01__Vi_Con\T06.18_10h29_cai_nghien_dien_thoai_bang_thay_the_thong_minh
2026-06-19 09:27:43,395 [INFO] RENDER END: exit=0 elapsed=145.7s out=cai_nghien_dien_thoai_bang_thay_the_thong_minh_T06.19_09h25.mp4
2026-06-19 09:41:12,623 [INFO] ============================================================
2026-06-19 09:41:12,623 [INFO] Editor server starting, PID=51068
2026-06-19 09:42:34,705 [INFO] RENDER START: out=cai_nghien_dien_thoai_bang_thay_the_thong_minh_T06.19_09h42.mp4 cwd=E:\HuuDat\VIDEO\FACEBOOK\01__Vi_Con\T06.18_10h29_cai_nghien_dien_thoai_bang_thay_the_thong_minh
2026-06-19 10:20:15,717 [INFO] ============================================================
2026-06-19 10:20:15,717 [INFO] Editor server starting, PID=100388
2026-06-19 10:20:54,243 [INFO] ============================================================
2026-06-19 10:20:54,243 [INFO] Editor server starting, PID=91608
2026-06-19 10:21:00,986 [INFO] RENDER START: out=cai_nghien_dien_thoai_bang_thay_the_thong_minh_T06.19_10h21.mp4 cwd=E:\HuuDat\VIDEO\FACEBOOK\01__Vi_Con\T06.18_10h29_cai_nghien_dien_thoai_bang_thay_the_thong_minh
2026-06-19 10:23:32,654 [INFO] RENDER END: exit=0 elapsed=151.7s out=cai_nghien_dien_thoai_bang_thay_the_thong_minh_T06.19_10h21.mp4
2026-06-19 10:26:26,989 [INFO] ============================================================
2026-06-19 10:26:26,989 [INFO] Editor server starting, PID=48892
2026-06-19 10:27:02,206 [INFO] ============================================================
2026-06-19 10:27:02,206 [INFO] Editor server starting, PID=11464
2026-06-19 10:27:59,860 [INFO] ============================================================
2026-06-19 10:27:59,861 [INFO] Editor server starting, PID=80256
2026-06-19 10:28:17,952 [INFO] ============================================================
2026-06-19 10:28:17,952 [INFO] Editor server starting, PID=91116
2026-06-19 10:28:38,270 [INFO] ============================================================
2026-06-19 10:28:38,271 [INFO] Editor server starting, PID=49504
2026-06-19 10:28:49,531 [INFO] ============================================================
2026-06-19 10:28:49,531 [INFO] Editor server starting, PID=54556
2026-06-19 10:29:15,913 [INFO] ============================================================
2026-06-19 10:29:15,914 [INFO] Editor server starting, PID=47652
2026-06-19 10:29:42,183 [INFO] ============================================================
2026-06-19 10:29:42,183 [INFO] Editor server starting, PID=98608
2026-06-19 10:29:51,355 [INFO] ============================================================
2026-06-19 10:29:51,355 [INFO] Editor server starting, PID=95816
2026-06-19 10:33:38,603 [WARNING] WATCHDOG SHUTDOWN: no heartbeat for 300.3s (timeout=300s)
2026-06-19 10:36:48,624 [INFO] ============================================================
2026-06-19 10:36:48,624 [INFO] Editor server starting, PID=89892
2026-06-19 10:40:39,883 [INFO] ============================================================
2026-06-19 10:40:39,883 [INFO] Editor server starting, PID=79604
2026-06-19 10:46:35,650 [INFO] ============================================================
2026-06-19 10:46:35,650 [INFO] Editor server starting, PID=51432
2026-06-19 10:52:51,742 [INFO] ============================================================
2026-06-19 10:52:51,742 [INFO] Editor server starting, PID=85432
2026-06-19 10:54:03,077 [INFO] ============================================================
2026-06-19 10:54:03,077 [INFO] Editor server starting, PID=53684
2026-06-19 10:55:34,475 [INFO] ============================================================
2026-06-19 10:55:34,475 [INFO] Editor server starting, PID=73668
2026-06-19 10:58:34,990 [INFO] RENDER START: out=giup_con_vuot_qua_khung_hoang_xa_cach_T06.19_10h58.mp4 cwd=E:\HuuDat\VIDEO\FACEBOOK\01__Vi_Con\T06.18_10h38_giup_con_vuot_qua_khung_hoang_xa_cach
2026-06-19 11:00:37,181 [INFO] RENDER END: exit=0 elapsed=122.2s out=giup_con_vuot_qua_khung_hoang_xa_cach_T06.19_10h58.mp4
2026-06-19 11:13:41,446 [INFO] RENDER START: out=giup_con_vuot_qua_khung_hoang_xa_cach_T06.19_11h13.mp4 cwd=E:\HuuDat\VIDEO\FACEBOOK\01__Vi_Con\T06.18_10h38_giup_con_vuot_qua_khung_hoang_xa_cach
2026-06-19 11:15:46,228 [INFO] RENDER END: exit=0 elapsed=124.8s out=giup_con_vuot_qua_khung_hoang_xa_cach_T06.19_11h13.mp4
2026-06-19 11:43:41,626 [INFO] RENDER START: out=giup_con_vuot_qua_khung_hoang_xa_cach_T06.19_11h43.mp4 cwd=E:\HuuDat\VIDEO\FACEBOOK\01__Vi_Con\T06.18_10h38_giup_con_vuot_qua_khung_hoang_xa_cach
2026-06-19 11:45:46,686 [INFO] RENDER END: exit=0 elapsed=125.1s out=giup_con_vuot_qua_khung_hoang_xa_cach_T06.19_11h43.mp4
2026-06-19 12:04:38,075 [INFO] ============================================================
2026-06-19 12:04:38,075 [INFO] Editor server starting, PID=65260
2026-06-19 12:07:47,030 [INFO] RENDER START: out=giup_con_vuot_qua_khung_hoang_xa_cach_T06.19_12h07.mp4 cwd=E:\HuuDat\VIDEO\FACEBOOK\01__Vi_Con\T06.18_10h38_giup_con_vuot_qua_khung_hoang_xa_cach
2026-06-19 12:09:49,465 [INFO] RENDER END: exit=0 elapsed=122.4s out=giup_con_vuot_qua_khung_hoang_xa_cach_T06.19_12h07.mp4
2026-06-19 12:21:06,635 [INFO] ============================================================
2026-06-19 12:21:06,636 [INFO] Editor server starting, PID=92048
2026-06-19 12:21:36,562 [INFO] RENDER START: out=giup_con_vuot_qua_khung_hoang_xa_cach_T06.19_12h21.mp4 cwd=E:\HuuDat\VIDEO\FACEBOOK\01__Vi_Con\T06.18_10h38_giup_con_vuot_qua_khung_hoang_xa_cach
2026-06-19 12:23:39,123 [INFO] RENDER END: exit=0 elapsed=122.6s out=giup_con_vuot_qua_khung_hoang_xa_cach_T06.19_12h21.mp4
2026-06-19 12:27:01,762 [INFO] ============================================================
2026-06-19 12:27:01,762 [INFO] Editor server starting, PID=97612
2026-06-19 12:31:59,059 [INFO] ============================================================
2026-06-19 12:31:59,059 [INFO] Editor server starting, PID=101340
2026-06-19 12:40:30,728 [INFO] ============================================================
2026-06-19 12:40:30,728 [INFO] Editor server starting, PID=48996
2026-06-19 12:46:58,306 [INFO] ============================================================
2026-06-19 12:46:58,306 [INFO] Editor server starting, PID=82908
2026-06-19 12:48:19,534 [INFO] ============================================================
2026-06-19 12:48:19,534 [INFO] Editor server starting, PID=55068
2026-06-19 12:54:34,981 [INFO] ============================================================
2026-06-19 12:54:34,981 [INFO] Editor server starting, PID=95796
2026-06-19 12:57:41,762 [INFO] ============================================================
2026-06-19 12:57:41,762 [INFO] Editor server starting, PID=94104
2026-06-19 13:04:07,051 [INFO] ============================================================
2026-06-19 13:04:07,051 [INFO] Editor server starting, PID=62884
2026-06-19 13:07:18,622 [INFO] ============================================================
2026-06-19 13:07:18,622 [INFO] Editor server starting, PID=71488
2026-06-19 14:08:55,865 [INFO] ============================================================
2026-06-19 14:08:55,865 [INFO] Editor server starting, PID=75352
2026-06-19 14:13:52,689 [INFO] ============================================================
2026-06-19 14:13:52,689 [INFO] Editor server starting, PID=87004
2026-06-19 14:18:15,865 [INFO] ============================================================
2026-06-19 14:18:15,865 [INFO] Editor server starting, PID=22580
2026-06-19 14:27:41,987 [INFO] ============================================================
2026-06-19 14:27:41,987 [INFO] Editor server starting, PID=85056
2026-06-19 14:29:51,368 [INFO] ============================================================
2026-06-19 14:29:51,368 [INFO] Editor server starting, PID=2424
2026-06-19 14:32:10,123 [INFO] ============================================================
2026-06-19 14:32:10,123 [INFO] Editor server starting, PID=72964
2026-06-19 14:35:47,259 [INFO] ============================================================
2026-06-19 14:35:47,259 [INFO] Editor server starting, PID=45900
2026-06-19 14:40:28,769 [INFO] ============================================================
2026-06-19 14:40:28,769 [INFO] Editor server starting, PID=90900
2026-06-19 14:44:43,467 [INFO] ============================================================
2026-06-19 14:44:43,467 [INFO] Editor server starting, PID=41344
2026-06-19 15:11:03,083 [INFO] ============================================================
2026-06-19 15:11:03,083 [INFO] Editor server starting, PID=31996
2026-06-19 15:16:47,021 [INFO] RENDER START: out=giup_con_vuot_qua_khung_hoang_xa_cach_T06.19_15h16.mp4 cwd=E:\HuuDat\VIDEO\FACEBOOK\01__Vi_Con\T06.18_10h38_giup_con_vuot_qua_khung_hoang_xa_cach
2026-06-19 15:20:24,021 [INFO] RENDER END: exit=0 elapsed=217.0s out=giup_con_vuot_qua_khung_hoang_xa_cach_T06.19_15h16.mp4
2026-06-19 15:45:54,842 [INFO] RENDER START: out=giup_con_vuot_qua_khung_hoang_xa_cach_T06.19_15h45.mp4 cwd=E:\HuuDat\VIDEO\FACEBOOK\01__Vi_Con\T06.18_10h38_giup_con_vuot_qua_khung_hoang_xa_cach
2026-06-19 15:47:53,426 [INFO] RENDER END: exit=0 elapsed=118.6s out=giup_con_vuot_qua_khung_hoang_xa_cach_T06.19_15h45.mp4
2026-06-19 15:49:23,612 [INFO] ============================================================
2026-06-19 15:49:23,612 [INFO] Editor server starting, PID=75104
2026-06-19 16:00:01,589 [INFO] RENDER START: out=cot_moc_phat_trien_ngon_ngu_o_tre_duoi_18_thang_T06.19_16h00.mp4 cwd=E:\HuuDat\VIDEO\FACEBOOK\01__Vi_Con\T06.18_10h50_cot_moc_phat_trien_ngon_ngu_o_tre_duoi_18_thang
2026-06-19 16:01:58,709 [INFO] RENDER END: exit=0 elapsed=117.1s out=cot_moc_phat_trien_ngon_ngu_o_tre_duoi_18_thang_T06.19_16h00.mp4
2026-06-19 16:15:55,536 [INFO] RENDER START: out=cot_moc_phat_trien_ngon_ngu_o_tre_duoi_18_thang_T06.19_16h15.mp4 cwd=E:\HuuDat\VIDEO\FACEBOOK\01__Vi_Con\T06.18_10h50_cot_moc_phat_trien_ngon_ngu_o_tre_duoi_18_thang
2026-06-19 16:18:01,428 [INFO] RENDER END: exit=0 elapsed=125.9s out=cot_moc_phat_trien_ngon_ngu_o_tre_duoi_18_thang_T06.19_16h15.mp4
2026-06-19 16:20:11,258 [INFO] ============================================================
2026-06-19 16:20:11,258 [INFO] Editor server starting, PID=90508
2026-06-19 16:21:30,802 [INFO] RENDER START: out=nhan_biet_som_tre_tu_ky_duoi_2_tuoi_T06.19_16h21.mp4 cwd=E:\HuuDat\VIDEO\FACEBOOK\01__Vi_Con\T06.18_10h50_nhan_biet_som_tre_tu_ky_duoi_2_tuoi
2026-06-19 16:23:39,185 [INFO] RENDER END: exit=0 elapsed=128.4s out=nhan_biet_som_tre_tu_ky_duoi_2_tuoi_T06.19_16h21.mp4
2026-06-19 17:01:29,621 [INFO] ============================================================
2026-06-19 17:01:29,621 [INFO] Editor server starting, PID=69392
2026-06-19 17:02:16,596 [INFO] RENDER START: out=tre_tang_dong_lon_len_se_ra_sao_neu_khong_duoc_can_thiep_som_T06.19_17h02.mp4 cwd=E:\HuuDat\VIDEO\FACEBOOK\01__Vi_Con\T06.17_13h53_tre_tang_dong_lon_len_se_ra_sao_neu_khong_duoc_can_thiep_som
2026-06-19 17:04:46,976 [INFO] RENDER END: exit=0 elapsed=150.4s out=tre_tang_dong_lon_len_se_ra_sao_neu_khong_duoc_can_thiep_som_T06.19_17h02.mp4
2026-06-19 17:07:03,175 [INFO] ============================================================
2026-06-19 17:07:03,175 [INFO] Editor server starting, PID=69456
2026-06-19 17:07:28,665 [INFO] RENDER START: out=nhan_biet_som_tre_tu_ky_duoi_2_tuoi_T06.19_17h07.mp4 cwd=E:\HuuDat\VIDEO\FACEBOOK\01__Vi_Con\T06.18_10h50_nhan_biet_som_tre_tu_ky_duoi_2_tuoi
2026-06-19 17:09:22,838 [INFO] ============================================================
2026-06-19 17:09:22,838 [INFO] Editor server starting, PID=84856
2026-06-19 17:10:06,183 [INFO] RENDER START: out=nhan_biet_som_tre_tu_ky_duoi_2_tuoi_T06.19_17h10.mp4 cwd=E:\HuuDat\VIDEO\FACEBOOK\01__Vi_Con\T06.18_10h50_nhan_biet_som_tre_tu_ky_duoi_2_tuoi
2026-06-19 17:11:37,788 [INFO] ============================================================
2026-06-19 17:11:37,788 [INFO] Editor server starting, PID=22012
2026-06-19 17:17:48,857 [INFO] ============================================================
2026-06-19 17:17:48,857 [INFO] Editor server starting, PID=56608
2026-06-19 17:20:12,281 [INFO] RENDER START: out=nhan_biet_som_tre_tu_ky_duoi_2_tuoi_T06.19_17h20.mp4 cwd=E:\HuuDat\VIDEO\FACEBOOK\01__Vi_Con\T06.18_10h50_nhan_biet_som_tre_tu_ky_duoi_2_tuoi
2026-06-19 17:22:31,679 [INFO] RENDER END: exit=0 elapsed=139.4s out=nhan_biet_som_tre_tu_ky_duoi_2_tuoi_T06.19_17h20.mp4
2026-06-19 17:24:04,422 [INFO] ============================================================
2026-06-19 17:24:04,422 [INFO] Editor server starting, PID=9004
2026-06-19 17:24:13,541 [INFO] RENDER START: out=nhan_biet_som_tre_tu_ky_duoi_2_tuoi_T06.19_17h24.mp4 cwd=E:\HuuDat\VIDEO\FACEBOOK\01__Vi_Con\T06.18_10h50_nhan_biet_som_tre_tu_ky_duoi_2_tuoi
2026-06-19 17:26:18,019 [INFO] RENDER END: exit=0 elapsed=124.5s out=nhan_biet_som_tre_tu_ky_duoi_2_tuoi_T06.19_17h24.mp4
2026-06-19 17:28:14,427 [INFO] ============================================================
2026-06-19 17:28:14,427 [INFO] Editor server starting, PID=98112
2026-06-19 17:43:12,847 [INFO] ============================================================
2026-06-19 17:43:12,847 [INFO] Editor server starting, PID=54144
2026-06-19 17:48:12,657 [INFO] ============================================================
2026-06-19 17:48:12,657 [INFO] Editor server starting, PID=101440
2026-06-19 17:54:20,440 [INFO] RENDER START: out=tre_tang_dong_lon_len_se_ra_sao_neu_khong_duoc_can_thiep_som_T06.19_17h54.mp4 cwd=E:\HuuDat\VIDEO\FACEBOOK\01__Vi_Con\T06.17_13h53_tre_tang_dong_lon_len_se_ra_sao_neu_khong_duoc_can_thiep_som
2026-06-19 17:56:43,883 [INFO] RENDER END: exit=0 elapsed=143.4s out=tre_tang_dong_lon_len_se_ra_sao_neu_khong_duoc_can_thiep_som_T06.19_17h54.mp4
2026-06-20 00:48:34,912 [INFO] ============================================================
2026-06-20 00:48:34,952 [INFO] Editor server starting, PID=62156
2026-06-20 00:49:30,669 [INFO] RENDER START: out=phan_biet_tre_hieu_dong_thong_thuong_va_tre_tang_dong_adhd_T06.20_00h49.mp4 cwd=E:\HuuDat\VIDEO\FACEBOOK\01__Vi_Con\T06.17_13h50_phan_biet_tre_hieu_dong_thong_thuong_va_tre_tang_dong_adhd
2026-06-20 00:49:42,254 [INFO] ============================================================
2026-06-20 00:49:42,254 [INFO] Editor server starting, PID=67420
2026-06-20 00:50:43,149 [INFO] RENDER START: out=3_dau_hieu_tre_cham_noi_cha_me_cho_coi_thuong_T06.20_00h50.mp4 cwd=E:\HuuDat\VIDEO\FACEBOOK\01__Vi_Con\T06.17_13h48_3_dau_hieu_tre_cham_noi_cha_me_cho_coi_thuong
2026-06-20 00:50:46,897 [INFO] ============================================================
2026-06-20 00:50:46,897 [INFO] Editor server starting, PID=101020
2026-06-20 00:51:19,371 [INFO] RENDER START: out=dung_dan_nhan_con_hu_khi_con_co_bieu_hien_cua_tang_dong_T06.20_00h51.mp4 cwd=E:\HuuDat\VIDEO\FACEBOOK\01__Vi_Con\T06.17_13h54_dung_dan_nhan_con_hu_khi_con_co_bieu_hien_cua_tang_dong
2026-06-20 00:51:23,317 [INFO] ============================================================
2026-06-20 00:51:23,317 [INFO] Editor server starting, PID=77564
2026-06-20 00:51:55,678 [INFO] RENDER START: out=bieu_hien_tre_tu_ky_duoi_2_tuoi_me_de_bo_qua_T06.20_00h51.mp4 cwd=E:\HuuDat\VIDEO\FACEBOOK\01__Vi_Con\T06.17_13h51_bieu_hien_tre_tu_ky_duoi_2_tuoi_me_de_bo_qua
2026-06-20 00:54:47,597 [INFO] RENDER END: exit=0 elapsed=171.9s out=bieu_hien_tre_tu_ky_duoi_2_tuoi_me_de_bo_qua_T06.20_00h51.mp4
2026-06-20 00:55:02,233 [INFO] RENDER START: out=bieu_hien_tre_tu_ky_duoi_2_tuoi_me_de_bo_qua_T06.20_00h55.mp4 cwd=E:\HuuDat\VIDEO\FACEBOOK\01__Vi_Con\T06.17_13h51_bieu_hien_tre_tu_ky_duoi_2_tuoi_me_de_bo_qua
2026-06-20 00:57:23,392 [INFO] RENDER END: exit=0 elapsed=141.2s out=bieu_hien_tre_tu_ky_duoi_2_tuoi_me_de_bo_qua_T06.20_00h55.mp4
2026-06-20 00:59:47,009 [INFO] RENDER START: out=bieu_hien_tre_tu_ky_duoi_2_tuoi_me_de_bo_qua_T06.20_00h59.mp4 cwd=E:\HuuDat\VIDEO\FACEBOOK\01__Vi_Con\T06.17_13h51_bieu_hien_tre_tu_ky_duoi_2_tuoi_me_de_bo_qua
2026-06-20 01:02:47,721 [INFO] RENDER END: exit=0 elapsed=180.7s out=bieu_hien_tre_tu_ky_duoi_2_tuoi_me_de_bo_qua_T06.20_00h59.mp4
2026-06-20 01:37:40,578 [INFO] ============================================================
2026-06-20 01:37:40,578 [INFO] Editor server starting, PID=48240
2026-06-20 01:38:15,039 [INFO] RENDER START: out=phan_biet_tre_hieu_dong_thong_thuong_va_tre_tang_dong_adhd_T06.20_01h38.mp4 cwd=E:\HuuDat\VIDEO\FACEBOOK\01__Vi_Con\T06.17_13h50_phan_biet_tre_hieu_dong_thong_thuong_va_tre_tang_dong_adhd
2026-06-20 01:40:53,133 [INFO] RENDER END: exit=0 elapsed=158.1s out=phan_biet_tre_hieu_dong_thong_thuong_va_tre_tang_dong_adhd_T06.20_01h38.mp4
2026-06-20 01:49:59,786 [INFO] ============================================================
2026-06-20 01:49:59,786 [INFO] Editor server starting, PID=88692
2026-06-20 01:58:59,827 [INFO] ============================================================
2026-06-20 01:58:59,827 [INFO] Editor server starting, PID=97136
2026-06-20 01:59:00,741 [INFO] ============================================================
2026-06-20 01:59:00,741 [INFO] Editor server starting, PID=53716
2026-06-20 01:59:10,168 [INFO] ============================================================
2026-06-20 01:59:10,169 [INFO] Editor server starting, PID=95024
2026-06-20 01:59:21,657 [INFO] ============================================================
2026-06-20 01:59:21,657 [INFO] Editor server starting, PID=12052
2026-06-20 02:00:16,302 [INFO] ============================================================
2026-06-20 02:00:16,302 [INFO] Editor server starting, PID=77972
2026-06-20 02:01:12,067 [INFO] ============================================================
2026-06-20 02:01:12,068 [INFO] Editor server starting, PID=101336
2026-06-20 02:01:19,531 [INFO] ============================================================
2026-06-20 02:01:19,531 [INFO] Editor server starting, PID=18512
2026-06-20 02:02:14,682 [INFO] ============================================================
2026-06-20 02:02:14,682 [INFO] Editor server starting, PID=88556
2026-06-20 02:06:14,223 [WARNING] WATCHDOG SHUTDOWN: no heartbeat for 302.2s (timeout=300s)
2026-06-20 02:07:18,203 [INFO] ============================================================
2026-06-20 02:07:18,203 [INFO] Editor server starting, PID=65856
2026-06-20 02:07:26,675 [INFO] RENDER START: out=3_dau_hieu_tre_cham_noi_cha_me_cho_coi_thuong_T06.20_02h07.mp4 cwd=E:\HuuDat\VIDEO\FACEBOOK\01__Vi_Con\T06.17_13h48_3_dau_hieu_tre_cham_noi_cha_me_cho_coi_thuong
2026-06-20 02:07:30,486 [INFO] ============================================================
2026-06-20 02:07:30,487 [INFO] Editor server starting, PID=76168
2026-06-20 02:07:35,983 [INFO] RENDER START: out=dung_dan_nhan_con_hu_khi_con_co_bieu_hien_cua_tang_dong_T06.20_02h07.mp4 cwd=E:\HuuDat\VIDEO\FACEBOOK\01__Vi_Con\T06.17_13h54_dung_dan_nhan_con_hu_khi_con_co_bieu_hien_cua_tang_dong
2026-06-20 02:10:25,636 [INFO] RENDER END: exit=0 elapsed=179.0s out=3_dau_hieu_tre_cham_noi_cha_me_cho_coi_thuong_T06.20_02h07.mp4
2026-06-20 02:10:26,618 [INFO] RENDER END: exit=0 elapsed=170.6s out=dung_dan_nhan_con_hu_khi_con_co_bieu_hien_cua_tang_dong_T06.20_02h07.mp4
2026-06-20 02:12:08,546 [WARNING] WATCHDOG SHUTDOWN: no heartbeat for 303.1s (timeout=300s)
2026-06-20 06:12:11,295 [WARNING] WATCHDOG SHUTDOWN: no heartbeat for 304.6s (timeout=300s)
2026-06-20 06:13:13,407 [WARNING] WATCHDOG SHUTDOWN: no heartbeat for 307.1s (timeout=300s)
2026-06-20 11:20:10,827 [INFO] ============================================================
2026-06-20 11:20:10,837 [INFO] Editor server starting, PID=108424
2026-06-20 11:21:15,095 [INFO] ============================================================
2026-06-20 11:21:15,095 [INFO] Editor server starting, PID=74632
2026-06-20 16:32:13,213 [INFO] ============================================================
2026-06-20 16:32:13,431 [INFO] Editor server starting, PID=23116
2026-06-20 16:44:00,974 [INFO] ============================================================
2026-06-20 16:44:00,974 [INFO] Editor server starting, PID=22904
2026-06-20 16:54:05,549 [INFO] ============================================================
2026-06-20 16:54:05,549 [INFO] Editor server starting, PID=30484
2026-06-20 16:54:51,956 [INFO] ============================================================
2026-06-20 16:54:51,956 [INFO] Editor server starting, PID=14136
2026-06-20 16:56:38,588 [INFO] ============================================================
2026-06-20 16:56:38,588 [INFO] Editor server starting, PID=29264
2026-06-20 16:59:31,087 [INFO] ============================================================
2026-06-20 16:59:31,087 [INFO] Editor server starting, PID=30756
2026-06-20 17:03:35,183 [INFO] ============================================================
2026-06-20 17:03:35,184 [INFO] Editor server starting, PID=29268
2026-06-20 17:04:57,266 [INFO] ============================================================
2026-06-20 17:04:57,266 [INFO] Editor server starting, PID=32152
2026-06-20 17:06:51,872 [INFO] ============================================================
2026-06-20 17:06:51,872 [INFO] Editor server starting, PID=33608
2026-06-20 17:11:56,061 [INFO] ============================================================
2026-06-20 17:11:56,061 [INFO] Editor server starting, PID=35092
2026-06-20 17:14:43,554 [INFO] ============================================================
2026-06-20 17:14:43,554 [INFO] Editor server starting, PID=28132
2026-06-20 17:18:03,449 [INFO] ============================================================
2026-06-20 17:18:03,449 [INFO] Editor server starting, PID=24052
2026-06-20 17:18:14,157 [INFO] ============================================================
2026-06-20 17:18:14,157 [INFO] Editor server starting, PID=20856
2026-06-20 17:18:21,086 [INFO] ============================================================
2026-06-20 17:18:21,086 [INFO] Editor server starting, PID=14580
2026-06-20 17:24:09,263 [INFO] ============================================================
2026-06-20 17:24:09,263 [INFO] Editor server starting, PID=37244
2026-06-20 17:26:01,452 [INFO] ============================================================
2026-06-20 17:26:01,452 [INFO] Editor server starting, PID=34640
2026-06-20 17:33:47,781 [INFO] ============================================================
2026-06-20 17:33:47,781 [INFO] Editor server starting, PID=31868
2026-06-20 17:46:11,225 [WARNING] WATCHDOG SHUTDOWN: no heartbeat for 303.0s (timeout=300s)
